 2022-01-07 10:17:17,000 DEBUG [DisposableBeanAdapter    ]: Invoking destroy() on bean with name 'taskExecutor'
 2022-01-07 10:17:17,000 INFO  [ThreadPoolTaskExecutor   ]: Shutting down ExecutorService 'taskExecutor'
 2022-01-07 10:17:17,000 DEBUG [DisposableBeanAdapter    ]: Invoking destroy() on bean with name 'taskScheduler'
 2022-01-07 10:17:17,000 INFO  [ThreadPoolTaskScheduler  ]: Shutting down ExecutorService 'taskScheduler'
 2022-01-07 10:17:17,001 DEBUG [DefaultListableBeanFactory]: Retrieved dependent beans for bean '(inner bean)#53848c46': [taskScheduler]
 2022-01-07 10:17:17,001 DEBUG [DefaultListableBeanFactory]: Retrieved dependent beans for bean 'producerFactory': [kafkaTemplate]
 2022-01-07 10:17:17,001 DEBUG [DefaultListableBeanFactory]: Retrieved dependent beans for bean 'kafkaTemplate': [handler]
 2022-01-07 10:17:17,001 DEBUG [DisposableBeanAdapter    ]: Invoking destroy() on bean with name 'producerFactory'
 2022-01-07 10:17:17,015 INFO  [DASContextListener       ]: Shutdown cache service!
 2022-01-07 10:17:18,931 DEBUG [EventLogger              ]: Flushing the queue...
 2022-01-07 10:17:18,931 DEBUG [MySQLEventLoggerRepository]: Logging batch events: 1
 2022-01-07 10:17:18,932 ERROR [JdbcRepository           ]: Failed to get data source. Reason: Name [java:/comp/env/jdbc/ServiceDb] is not bound in this Context. Unable to find [java:].
 2022-01-07 10:17:18,932 DEBUG [JdbcRepository           ]:
 javax.naming.NameNotFoundException: Name [java:/comp/env/jdbc/ServiceDb] is not bound in this Context. Unable to find [java:].
	at org.apache.naming.NamingContext.lookup(NamingContext.java:816)
	at org.apache.naming.NamingContext.lookup(NamingContext.java:173)
	at javax.naming.InitialContext.lookup(Unknown Source)
	at com.deviceauthority.data.JdbcRepository.getDataSource(JdbcRepository.java:51)
	at com.deviceauthority.data.MySQLEventLoggerRepository.log(MySQLEventLoggerRepository.java:117)
	at com.deviceauthority.controllers.EventLogger$EventLoggerWorker.call(EventLogger.java:174)
	at com.deviceauthority.controllers.EventLogger$EventLoggerWorker.processTimeout(EventLogger.java:232)
	at com.deviceauthority.util.TimeoutManager.run(TimeoutManager.java:69)
	at java.lang.Thread.run(Unknown Source)2022-01-07 10:17:18,933 ERROR [MySQLEventLoggerRepository]: Exception during event logging to database
 java.lang.NullPointerException
	at com.deviceauthority.data.MySQLEventLoggerRepository.log(MySQLEventLoggerRepository.java:117)
	at com.deviceauthority.controllers.EventLogger$EventLoggerWorker.call(EventLogger.java:174)
	at com.deviceauthority.controllers.EventLogger$EventLoggerWorker.processTimeout(EventLogger.java:232)
	at com.deviceauthority.util.TimeoutManager.run(TimeoutManager.java:69)
	at java.lang.Thread.run(Unknown Source)2022-01-07 10:17:18,933 ERROR [EventLogger              ]: Log exception: null
 java.lang.NullPointerException
	at com.deviceauthority.data.MySQLEventLoggerRepository.log(MySQLEventLoggerRepository.java:117)
	at com.deviceauthority.controllers.EventLogger$EventLoggerWorker.call(EventLogger.java:174)
	at com.deviceauthority.controllers.EventLogger$EventLoggerWorker.processTimeout(EventLogger.java:232)
	at com.deviceauthority.util.TimeoutManager.run(TimeoutManager.java:69)
	at java.lang.Thread.run(Unknown Source)2022-01-07 10:18:59,869 INFO  [ExtendedDataSourceFactory]: DAE Config File: /var/dfactor/conf/dae.properties exist? true
 2022-01-07 10:18:59,871 INFO  [ExtendedDataSourceFactory]: Constructed db url : jdbc:mysql://localhost:3306/dfactordb
 2022-01-07 10:18:59,942 INFO  [ContextLoader            ]: Root WebApplicationContext: initialization started
 2022-01-07 10:18:59,991 DEBUG [StandardServletEnvironment]: Adding PropertySource 'servletConfigInitParams' with lowest search precedence
 2022-01-07 10:18:59,991 DEBUG [StandardServletEnvironment]: Adding PropertySource 'servletContextInitParams' with lowest search precedence
 2022-01-07 10:18:59,996 DEBUG [StandardServletEnvironment]: Adding PropertySource 'jndiProperties' with lowest search precedence
 2022-01-07 10:18:59,996 DEBUG [StandardServletEnvironment]: Adding PropertySource 'systemProperties' with lowest search precedence
 2022-01-07 10:18:59,996 DEBUG [StandardServletEnvironment]: Adding PropertySource 'systemEnvironment' with lowest search precedence
 2022-01-07 10:18:59,996 DEBUG [StandardServletEnvironment]: Initialized StandardServletEnvironment with PropertySources [StubPropertySource@1964788783 {name='servletConfigInitParams', properties=java.lang.Object@5ccff940}, StubPropertySource@1757123151 {name='servletContextInitParams', properties=java.lang.Object@1126d290}, JndiPropertySource@105679279 {name='jndiProperties', properties=org.springframework.jndi.JndiLocatorDelegate@256a65df}, MapPropertySource@293057239 {name='systemProperties', properties={java.vendor=Oracle Corporation, sun.java.launcher=SUN_STANDARD, catalina.base=/var/lib/dfactor-apache-tomcat-8.5.11, sun.management.compiler=HotSpot 64-Bit Tiered Compilers, catalina.useNaming=true, os.name=Linux, sun.boot.class.path=/usr/java/jre1.8.0_121/lib/resources.jar:/usr/java/jre1.8.0_121/lib/rt.jar:/usr/java/jre1.8.0_121/lib/sunrsasign.jar:/usr/java/jre1.8.0_121/lib/jsse.jar:/usr/java/jre1.8.0_121/lib/jce.jar:/usr/java/jre1.8.0_121/lib/charsets.jar:/usr/java/jre1.8.0_121/lib/jfr.jar:/usr/java/jre1.8.0_121/classes, java.util.logging.config.file=/var/www/tomcat/conf/logging.properties, protect=softcard:f1bdc8fc13b5086dbda353b2b5bdac554001ea2b, java.vm.specification.vendor=Oracle Corporation, java.runtime.version=1.8.0_121-b13, user.name=dfactor_user, tomcat.util.scan.StandardJarScanFilter.jarsToScan=log4j-web*.jar,log4j-taglib*.jar,log4javascript*.jar,slf4j-taglib*.jar, shared.loader=, ident=f1bdc8fc13b5086dbda353b2b5bdac554001ea2b, tomcat.util.buf.StringCache.byte.enabled=true, java.naming.factory.initial=org.apache.naming.java.javaURLContextFactory, user.language=en, sun.boot.library.path=/usr/java/jre1.8.0_121/lib/amd64, PID=87053, jdk.tls.ephemeralDHKeySize=2048, java.version=1.8.0_121, dfactor.home=/var/dfactor, java.util.logging.manager=org.apache.juli.ClassLoaderLogManager, user.timezone=GMT, java.net.preferIPv4Stack=true, sun.arch.data.model=64, java.util.concurrent.ForkJoinPool.common.threadFactory=org.apache.catalina.startup.SafeForkJoinWorkerThreadFactory, java.endorsed.dirs=/usr/java/jre1.8.0_121/lib/endorsed, sun.cpu.isalist=, sun.jnu.encoding=UTF-8, file.encoding.pkg=sun.io, package.access=sun.,org.apache.catalina.,org.apache.coyote.,org.apache.jasper.,org.apache.tomcat., file.separator=/, java.specification.name=Java Platform API Specification, java.class.version=52.0, user.country=US, LOG_FILE=/var/dfactor/logs/kmssa.log, java.home=/usr/java/jre1.8.0_121, java.vm.info=mixed mode, os.version=3.10.0-1160.25.1.el7.x86_64, path.separator=:, java.vm.version=25.121-b13, org.jboss.logging.provider=slf4j, java.protocol.handler.pkgs=org.apache.catalina.webresources, mail.mime.decodeparameters=true, java.awt.printerjob=sun.print.PSPrinterJob, sun.io.unicode.encoding=UnicodeLittle, awt.toolkit=sun.awt.X11.XToolkit, package.definition=sun.,java.,org.apache.catalina.,org.apache.coyote.,org.apache.jasper.,org.apache.naming.,org.apache.tomcat., java.naming.factory.url.pkgs=org.apache.naming, user.home=/home/dfactor_user, java.net.preferIPv4Addresses=true, java.specification.vendor=Oracle Corporation, tomcat.util.scan.StandardJarScanFilter.jarsToSkip=bootstrap.jar,commons-daemon.jar,tomcat-juli.jar,annotations-api.jar,el-api.jar,jsp-api.jar,servlet-api.jar,websocket-api.jar,jaspic-api.jar,catalina.jar,catalina-ant.jar,catalina-ha.jar,catalina-storeconfig.jar,catalina-tribes.jar,jasper.jar,jasper-el.jar,ecj-*.jar,tomcat-api.jar,tomcat-util.jar,tomcat-util-scan.jar,tomcat-coyote.jar,tomcat-dbcp.jar,tomcat-jni.jar,tomcat-websocket.jar,tomcat-i18n-en.jar,tomcat-i18n-es.jar,tomcat-i18n-fr.jar,tomcat-i18n-ja.jar,tomcat-juli-adapters.jar,catalina-jmx-remote.jar,catalina-ws.jar,tomcat-jdbc.jar,tools.jar,commons-beanutils*.jar,commons-codec*.jar,commons-collections*.jar,commons-dbcp*.jar,commons-digester*.jar,commons-fileupload*.jar,commons-httpclient*.jar,commons-io*.jar,commons-lang*.jar,commons-logging*.jar,commons-math*.jar,commons-pool*.jar,jstl.jar,taglibs-standard-spec-*.jar,geronimo-spec-jaxrpc*.jar,wsdl4j*.jar,ant.jar,ant-junit*.jar,aspectj*.jar,jmx.jar,h2*.jar,hibernate*.jar,httpclient*.jar,jmx-tools.jar,jta*.jar,log4j*.jar,mail*.jar,slf4j*.jar,xercesImpl.jar,xmlParserAPIs.jar,xml-apis.jar,junit.jar,junit-*.jar,hamcrest-*.jar,easymock-*.jar,cglib-*.jar,objenesis-*.jar,ant-launcher.jar,bcprov-*.jar,bcpkix-*.jar,cobertura-*.jar,asm-*.jar,dom4j-*.jar,icu4j-*.jar,jaxen-*.jar,jdom-*.jar,jetty-*.jar,oro-*.jar,servlet-api-*.jar,tagsoup-*.jar,xmlParserAPIs-*.jar,xom-*.jar, java.library.path=/usr/java/packages/lib/amd64:/usr/lib64:/lib64:/lib:/usr/lib, java.vendor.url=http://java.oracle.com/, spring.beaninfo.ignore=true, java.vm.vendor=Oracle Corporation, common.loader="${catalina.base}/lib","${catalina.base}/lib/*.jar","${catalina.home}/lib","${catalina.home}/lib/*.jar", java.runtime.name=Java(TM) SE Runtime Environment, sun.java.command=org.apache.catalina.startup.Bootstrap start, java.class.path=/var/www/tomcat/bin/bootstrap.jar:/var/www/tomcat/bin/tomcat-juli.jar, java.vm.specification.name=Java Virtual Machine Specification, java.vm.specification.version=1.8, catalina.home=/var/lib/dfactor-apache-tomcat-8.5.11, sun.cpu.endian=little, sun.os.patch.level=unknown, java.awt.headless=true, java.io.tmpdir=/var/www/tomcat/temp, java.vendor.url.bug=http://bugreport.sun.com/bugreport/, server.loader=, os.arch=amd64, java.awt.graphicsenv=sun.awt.X11GraphicsEnvironment, java.ext.dirs=/usr/java/jre1.8.0_121/lib/ext:/usr/java/packages/lib/ext, user.dir=/home/dfactor_user, line.separator=
, java.vm.name=Java HotSpot(TM) 64-Bit Server VM, file.encoding=UTF-8, idp.home=/var/dfactor/idp, java.specification.version=1.8}}, SystemEnvironmentPropertySource@912408635 {name='systemEnvironment', properties={PATH=/usr/local/bin:/bin:/usr/bin:/usr/local/sbin:/usr/sbin:/home/dfactor_user/.local/bin:/home/dfactor_user/bin, HISTCONTROL=ignoredups, LESSOPEN=||/usr/bin/lesspipe.sh %s, SHELL=/bin/bash, HISTSIZE=1000, JAVA_HOME=/usr/java/latest, CATALINA_HOME=/var/www/tomcat, KAFKA_HOME=/opt/kafka_2.12-2.8.1, JAVA_OPTS=-Xms1024m -Xmx2048m -XX:MaxPermSize=256m  -XX:-UseSplitVerifier -Duser.timezone=GMT -Djava.net.preferIPv4Stack=true -Djava.net.preferIPv4Addresses=true -Djava.awt.headless=true -server -Dmail.mime.decodeparameters=true   -XX:+PrintGCDateStamps -Ddfactor.home=/var/dfactor -Didp.home=/var/dfactor/idp -Djdk.tls.ephemeralDHKeySize=2048 -Djava.protocol.handler.pkgs=org.apache.catalina.webresources, DFACTOR_HOME=/var/dfactor, TERM=xterm, XFILESEARCHPATH=/usr/dt/app-defaults/%L/Dt, USER=dfactor_user, LANG=en_US.UTF-8, XDG_SESSION_ID=1652, MAIL=/var/spool/mail/dfactor_user, HOSTNAME=ptbra-kms01, NLSPATH=/usr/dt/lib/nls/msg/%L/%N.cat, LOGNAME=dfactor_user, PWD=/home/dfactor_user, LS_COLORS=rs=0:di=01;34:ln=01;36:mh=00:pi=40;33:so=01;35:do=01;35:bd=40;33;01:cd=40;33;01:or=40;31;01:mi=01;05;37;41:su=37;41:sg=30;43:ca=30;41:tw=30;42:ow=34;42:st=37;44:ex=01;32:*.tar=01;31:*.tgz=01;31:*.arc=01;31:*.arj=01;31:*.taz=01;31:*.lha=01;31:*.lz4=01;31:*.lzh=01;31:*.lzma=01;31:*.tlz=01;31:*.txz=01;31:*.tzo=01;31:*.t7z=01;31:*.zip=01;31:*.z=01;31:*.Z=01;31:*.dz=01;31:*.gz=01;31:*.lrz=01;31:*.lz=01;31:*.lzo=01;31:*.xz=01;31:*.bz2=01;31:*.bz=01;31:*.tbz=01;31:*.tbz2=01;31:*.tz=01;31:*.deb=01;31:*.rpm=01;31:*.jar=01;31:*.war=01;31:*.ear=01;31:*.sar=01;31:*.rar=01;31:*.alz=01;31:*.ace=01;31:*.zoo=01;31:*.cpio=01;31:*.7z=01;31:*.rz=01;31:*.cab=01;31:*.jpg=01;35:*.jpeg=01;35:*.gif=01;35:*.bmp=01;35:*.pbm=01;35:*.pgm=01;35:*.ppm=01;35:*.tga=01;35:*.xbm=01;35:*.xpm=01;35:*.tif=01;35:*.tiff=01;35:*.png=01;35:*.svg=01;35:*.svgz=01;35:*.mng=01;35:*.pcx=01;35:*.mov=01;35:*.mpg=01;35:*.mpeg=01;35:*.m2v=01;35:*.mkv=01;35:*.webm=01;35:*.ogm=01;35:*.mp4=01;35:*.m4v=01;35:*.mp4v=01;35:*.vob=01;35:*.qt=01;35:*.nuv=01;35:*.wmv=01;35:*.asf=01;35:*.rm=01;35:*.rmvb=01;35:*.flc=01;35:*.avi=01;35:*.fli=01;35:*.flv=01;35:*.gl=01;35:*.dl=01;35:*.xcf=01;35:*.xwd=01;35:*.yuv=01;35:*.cgm=01;35:*.emf=01;35:*.axv=01;35:*.anx=01;35:*.ogv=01;35:*.ogx=01;35:*.aac=01;36:*.au=01;36:*.flac=01;36:*.mid=01;36:*.midi=01;36:*.mka=01;36:*.mp3=01;36:*.mpc=01;36:*.ogg=01;36:*.ra=01;36:*.wav=01;36:*.axa=01;36:*.oga=01;36:*.spx=01;36:*.xspf=01;36:, HOME=/home/dfactor_user, SHLVL=2, _=/usr/java/latest/bin/java}}]
 2022-01-07 10:19:00,003 DEBUG [StandardServletEnvironment]: Replacing PropertySource 'servletContextInitParams' with 'servletContextInitParams'
 2022-01-07 10:19:00,004 INFO  [XmlWebApplicationContext ]: Refreshing Root WebApplicationContext: startup date [Fri Jan 07 10:19:00 GMT 2022]; root of context hierarchy
 2022-01-07 10:19:00,046 DEBUG [StandardEnvironment      ]: Adding PropertySource 'systemProperties' with lowest search precedence
 2022-01-07 10:19:00,046 DEBUG [StandardEnvironment      ]: Adding PropertySource 'systemEnvironment' with lowest search precedence